23:18:25.155 [main] ERROR org.activiti.engine.impl.interceptor.CommandContext - Error while closing command context
org.activiti.engine.ActivitiObjectNotFoundException: no deployed process definition found with id 'process'
	at org.activiti.engine.impl.persistence.deploy.DeploymentManager.findDeployedProcessDefinitionById(DeploymentManager.java:76) ~[activiti-engine-7.0.0.Beta1.jar:?]
	at org.activiti.engine.impl.cmd.StartProcessInstanceCmd.execute(StartProcessInstanceCmd.java:78) ~[activiti-engine-7.0.0.Beta1.jar:?]
	at org.activiti.engine.impl.cmd.StartProcessInstanceCmd.execute(StartProcessInstanceCmd.java:37) ~[activiti-engine-7.0.0.Beta1.jar:?]
	at org.activiti.engine.impl.interceptor.CommandInvoker$1.run(CommandInvoker.java:37) ~[activiti-engine-7.0.0.Beta1.jar:?]
	at org.activiti.engine.impl.interceptor.CommandInvoker.executeOperation(CommandInvoker.java:78) ~[activiti-engine-7.0.0.Beta1.jar:?]
	at org.activiti.engine.impl.interceptor.CommandInvoker.executeOperations(CommandInvoker.java:57) ~[activiti-engine-7.0.0.Beta1.jar:?]
	at org.activiti.engine.impl.interceptor.CommandInvoker.execute(CommandInvoker.java:42) ~[activiti-engine-7.0.0.Beta1.jar:?]
	at org.activiti.engine.impl.interceptor.TransactionContextInterceptor.execute(TransactionContextInterceptor.java:48) ~[activiti-engine-7.0.0.Beta1.jar:?]
	at org.activiti.engine.impl.interceptor.CommandContextInterceptor.execute(CommandContextInterceptor.java:63) [activiti-engine-7.0.0.Beta1.jar:?]
	at org.activiti.spring.SpringTransactionInterceptor$1.doInTransaction(SpringTransactionInterceptor.java:47) [activiti-spring-7.0.0.Beta1.jar:?]
	at org.springframework.transaction.support.TransactionTemplate.execute(TransactionTemplate.java:140) [spring-tx-5.1.6.RELEASE.jar:5.1.6.RELEASE]
	at org.activiti.spring.SpringTransactionInterceptor.execute(SpringTransactionInterceptor.java:45) [activiti-spring-7.0.0.Beta1.jar:?]
	at org.activiti.engine.impl.interceptor.LogInterceptor.execute(LogInterceptor.java:29) [activiti-engine-7.0.0.Beta1.jar:?]
	at org.activiti.engine.impl.cfg.CommandExecutorImpl.execute(CommandExecutorImpl.java:44) [activiti-engine-7.0.0.Beta1.jar:?]
	at org.activiti.engine.impl.cfg.CommandExecutorImpl.execute(CommandExecutorImpl.java:39) [activiti-engine-7.0.0.Beta1.jar:?]
	at org.activiti.engine.impl.RuntimeServiceImpl.startProcessInstanceById(RuntimeServiceImpl.java:109) [activiti-engine-7.0.0.Beta1.jar:?]
	at com.example.activiti.component.processEngine.RuntimeProcess(processEngine.java:39) [classes/:?]
	at sun.reflect.NativeMethodAccessorImpl.invoke0(Native Method) ~[?:1.8.0_31]
	at sun.reflect.NativeMethodAccessorImpl.invoke(NativeMethodAccessorImpl.java:62) ~[?:1.8.0_31]
	at sun.reflect.DelegatingMethodAccessorImpl.invoke(DelegatingMethodAccessorImpl.java:43) ~[?:1.8.0_31]
	at java.lang.reflect.Method.invoke(Method.java:483) ~[?:1.8.0_31]
	at org.junit.runners.model.FrameworkMethod$1.runReflectiveCall(FrameworkMethod.java:50) [junit-4.12.jar:4.12]
	at org.junit.internal.runners.model.ReflectiveCallable.run(ReflectiveCallable.java:12) [junit-4.12.jar:4.12]
	at org.junit.runners.model.FrameworkMethod.invokeExplosively(FrameworkMethod.java:47) [junit-4.12.jar:4.12]
	at org.junit.internal.runners.statements.InvokeMethod.evaluate(InvokeMethod.java:17) [junit-4.12.jar:4.12]
	at org.springframework.test.context.junit4.statements.RunBeforeTestExecutionCallbacks.evaluate(RunBeforeTestExecutionCallbacks.java:74) [spring-test-5.1.6.RELEASE.jar:5.1.6.RELEASE]
	at org.springframework.test.context.junit4.statements.RunAfterTestExecutionCallbacks.evaluate(RunAfterTestExecutionCallbacks.java:84) [spring-test-5.1.6.RELEASE.jar:5.1.6.RELEASE]
	at org.springframework.test.context.junit4.statements.RunBeforeTestMethodCallbacks.evaluate(RunBeforeTestMethodCallbacks.java:75) [spring-test-5.1.6.RELEASE.jar:5.1.6.RELEASE]
	at org.springframework.test.context.junit4.statements.RunAfterTestMethodCallbacks.evaluate(RunAfterTestMethodCallbacks.java:86) [spring-test-5.1.6.RELEASE.jar:5.1.6.RELEASE]
	at org.springframework.test.context.junit4.statements.SpringRepeat.evaluate(SpringRepeat.java:84) [spring-test-5.1.6.RELEASE.jar:5.1.6.RELEASE]
	at org.junit.runners.ParentRunner.runLeaf(ParentRunner.java:325) [junit-4.12.jar:4.12]
	at org.springframework.test.context.junit4.SpringJUnit4ClassRunner.runChild(SpringJUnit4ClassRunner.java:251) [spring-test-5.1.6.RELEASE.jar:5.1.6.RELEASE]
	at org.springframework.test.context.junit4.SpringJUnit4ClassRunner.runChild(SpringJUnit4ClassRunner.java:97) [spring-test-5.1.6.RELEASE.jar:5.1.6.RELEASE]
	at org.junit.runners.ParentRunner$3.run(ParentRunner.java:290) [junit-4.12.jar:4.12]
	at org.junit.runners.ParentRunner$1.schedule(ParentRunner.java:71) [junit-4.12.jar:4.12]
	at org.junit.runners.ParentRunner.runChildren(ParentRunner.java:288) [junit-4.12.jar:4.12]
	at org.junit.runners.ParentRunner.access$000(ParentRunner.java:58) [junit-4.12.jar:4.12]
	at org.junit.runners.ParentRunner$2.evaluate(ParentRunner.java:268) [junit-4.12.jar:4.12]
	at org.springframework.test.context.junit4.statements.RunBeforeTestClassCallbacks.evaluate(RunBeforeTestClassCallbacks.java:61) [spring-test-5.1.6.RELEASE.jar:5.1.6.RELEASE]
	at org.springframework.test.context.junit4.statements.RunAfterTestClassCallbacks.evaluate(RunAfterTestClassCallbacks.java:70) [spring-test-5.1.6.RELEASE.jar:5.1.6.RELEASE]
	at org.junit.runners.ParentRunner.run(ParentRunner.java:363) [junit-4.12.jar:4.12]
	at org.springframework.test.context.junit4.SpringJUnit4ClassRunner.run(SpringJUnit4ClassRunner.java:190) [spring-test-5.1.6.RELEASE.jar:5.1.6.RELEASE]
	at org.junit.runner.JUnitCore.run(JUnitCore.java:137) [junit-4.12.jar:4.12]
	at com.intellij.junit4.JUnit4IdeaTestRunner.startRunnerWithArgs(JUnit4IdeaTestRunner.java:68) [junit-rt.jar:?]
	at com.intellij.rt.junit.IdeaTestRunner$Repeater.startRunnerWithArgs(IdeaTestRunner.java:33) [junit-rt.jar:?]
	at com.intellij.rt.junit.JUnitStarter.prepareStreamsAndStart(JUnitStarter.java:230) [junit-rt.jar:?]
	at com.intellij.rt.junit.JUnitStarter.main(JUnitStarter.java:58) [junit-rt.jar:?]
